app/build/intermediates/manifest_merge_blame_file/debug/manifest-merger-blame-debug-report.txt
1<?xml version="1.0" encoding="utf-8"?>
2<manifest xmlns:android="http://schemas.android.com/apk/res/android"
3    package="com.keremturker.fingerprints"
4    android:versionCode="1"
5    android:versionName="1.0" >
6
7    <uses-sdk
8        android:minSdkVersion="23"
8-->src\main\AndroidManifest.xml
9        android:targetSdkVersion="29" />
9-->src\main\AndroidManifest.xml
10
11    <uses-permission android:name="android.permission.USE_BIOMETRIC" />
11-->src\main\AndroidManifest.xml:5:5-71
11-->src\main\AndroidManifest.xml:5:22-69
12    <uses-permission android:name="android.permission.USE_FINGERPRINT" />
12-->[androidx.biometric:biometric:1.0.0-rc01] AndroidManifest.xml:25:5-74
12-->[androidx.biometric:biometric:1.0.0-rc01] AndroidManifest.xml:25:22-71
13
14    <application
14-->src\main\AndroidManifest.xml:7:5-21:19
15        android:allowBackup="true"
15-->src\main\AndroidManifest.xml:8:9-35
16        android:appComponentFactory="androidx.core.app.CoreComponentFactory"
16-->[androidx.core:core:1.1.0] AndroidManifest.xml:24:18-86
17        android:debuggable="true"
18        android:icon="@mipmap/ic_launcher"
18-->src\main\AndroidManifest.xml:9:9-43
19        android:label="@string/app_name"
19-->src\main\AndroidManifest.xml:10:9-41
20        android:roundIcon="@mipmap/ic_launcher_round"
20-->src\main\AndroidManifest.xml:11:9-54
21        android:supportsRtl="true"
21-->src\main\AndroidManifest.xml:12:9-35
22        android:testOnly="true"
23        android:theme="@style/AppTheme" >
23-->src\main\AndroidManifest.xml:13:9-40
24        <activity android:name="com.keremturker.fingerprints.MainActivity" >
24-->src\main\AndroidManifest.xml:14:10-20:20
24-->src\main\AndroidManifest.xml:14:20-48
25            <intent-filter>
25-->src\main\AndroidManifest.xml:15:13-19:29
26                <action android:name="android.intent.action.MAIN" />
26-->src\main\AndroidManifest.xml:16:17-69
26-->src\main\AndroidManifest.xml:16:25-66
27
28                <category android:name="android.intent.category.LAUNCHER" />
28-->src\main\AndroidManifest.xml:18:17-77
28-->src\main\AndroidManifest.xml:18:27-74
29            </intent-filter>
30        </activity>
31        <activity
31-->[androidx.biometric:biometric:1.0.0-rc01] AndroidManifest.xml:28:9-31:67
32            android:name="androidx.biometric.DeviceCredentialHandlerActivity"
32-->[androidx.biometric:biometric:1.0.0-rc01] AndroidManifest.xml:29:13-78
33            android:exported="true"
33-->[androidx.biometric:biometric:1.0.0-rc01] AndroidManifest.xml:30:13-36
34            android:theme="@style/DeviceCredentialHandlerTheme" />
34-->[androidx.biometric:biometric:1.0.0-rc01] AndroidManifest.xml:31:13-64
35    </application>
36
37</manifest>